<?xml version="1.0" encoding="UTF-8"?>
<!-- Generated by org.testng.reporters.JUnitReportReporter -->
<testsuite hostname="DESKTOP-KSTJK7A" failures="0" tests="2" name="tests.PlaceOrderTest" time="5.740" errors="0" timestamp="2023-03-15T00:56:56 EET" skipped="0">
  <testcase classname="tests.PlaceOrderTest" name="UserCanAddProductToCart" time="3.537"/>
  <system-out/>
  <testcase classname="tests.PlaceOrderTest" name="userCanPlaceOrder" time="2.203"/>
  <system-out/>
</testsuite> <!-- tests.PlaceOrderTest -->
