<?xml version="1.0" encoding="UTF-8"?>
<!-- Generated by org.testng.reporters.JUnitReportReporter -->
<testsuite hostname="DESKTOP-KSTJK7A" failures="0" tests="1" name="tests.SignUpWithExcelTest" time="0.000" errors="0" timestamp="2023-03-14T00:25:56 EET" skipped="1">
  <testcase classname="tests.SignUpWithExcelTest" name="userCanSignUp" time="0.000">
    <skipped/>
  </testcase> <!-- userCanSignUp -->
  <system-out/>
</testsuite> <!-- tests.SignUpWithExcelTest -->
