<?xml version="1.0" encoding="UTF-8"?>
<!-- Generated by org.testng.reporters.JUnitReportReporter -->
<testsuite hostname="DESKTOP-KSTJK7A" failures="0" tests="1" name="tests.LoginWithJsonTest" time="3.719" errors="0" timestamp="2023-03-14T13:09:41 EET" skipped="0">
  <testcase classname="tests.LoginWithJsonTest" name="registeredUserCanLogin" time="3.719"/>
  <system-out/>
</testsuite> <!-- tests.LoginWithJsonTest -->
