<?xml version="1.0" encoding="UTF-8"?>
<!-- Generated by org.testng.reporters.JUnitReportReporter -->
<testsuite hostname="DESKTOP-KSTJK7A" failures="0" tests="1" name="tests.SignUpWithJsonTest" time="4.636" errors="0" timestamp="2023-03-14T15:02:34 EET" skipped="0">
  <testcase classname="tests.SignUpWithJsonTest" name="userCanSignUp" time="4.636"/>
  <system-out/>
</testsuite> <!-- tests.SignUpWithJsonTest -->
