<?xml version="1.0" encoding="UTF-8"?>
<!-- Generated by org.testng.reporters.JUnitReportReporter -->
<testsuite hostname="DESKTOP-KSTJK7A" failures="0" tests="1" name="tests.NewCustomerTest" time="4.037" errors="0" timestamp="2023-03-13T02:52:43 EET" skipped="0">
  <testcase classname="tests.NewCustomerTest" name="userEntersDateOfBirth" time="4.037"/>
  <system-out/>
</testsuite> <!-- tests.NewCustomerTest -->
