<?xml version="1.0" encoding="UTF-8"?>
<!-- Generated by org.testng.reporters.JUnitReportReporter -->
<testsuite hostname="DESKTOP-KSTJK7A" failures="0" tests="2" name="tests.LoginAndLogoutWithJsonTest" time="3.752" errors="0" timestamp="2023-03-14T15:07:14 EET" skipped="0">
  <testcase classname="tests.LoginAndLogoutWithJsonTest" name="registeredUserCanLogin" time="3.139"/>
  <system-out/>
  <testcase classname="tests.LoginAndLogoutWithJsonTest" name="registeredUserCanLogout" time="0.613"/>
  <system-out/>
</testsuite> <!-- tests.LoginAndLogoutWithJsonTest -->
